Unity Player [version: Unity 5.3.4f1_fdbb5133b820]

RemoteClient2.exe caused an Access Violation (0xc0000005)
  in module RemoteClient2.exe at 0023:013ef74a.

Error occurred at 2016-04-06_142642.
D:\Workspace\Unity_Projects\AugR\Annotations\RemoteClient2.exe, run by William.
60% memory in use.
0 MB physical memory [0 MB free].
0 MB paging file [3948 MB free].
0 MB user address space [3670 MB free].
Read from location 00000000 caused an access violation.

Context:
EDI:    0x05540330  ESI: 0x0553b0f0  EAX:   0x00000000
EBX:    0x05540384  ECX: 0x10694bb0  EDX:   0x00000000
EIP:    0x013ef74a  EBP: 0x0018f57c  SegCs: 0x00000023
EFlags: 0x00210246  ESP: 0x0018f4fc  SegSs: 0x0000002b

Bytes at CS:EIP:
8b 10 8b 52 0c 51 50 ff d2 89 45 0c 85 c0 79 38 

Stack:
0x0018f4fc: 00000000 05540330 00000000 00000000 ....0.T.........
0x0018f50c: 0018f650 00000000 0018f57c 01868b34 P.......|...4...
0x0018f51c: 0018f650 0018f650 00000000 0018f534 P...P.......4...
0x0018f52c: 018858c5 03dd50e0 0018f57c 01883209 .X...P..|....2..
0x0018f53c: 03dd50e0 0109902a 00000000 05540330 .P..*.......0.T.
0x0018f54c: 00000000 0018f650 0018f658 00000000 ....P...X.......
0x0018f55c: 00000000 00000000 00000012 00000000 ................
0x0018f56c: 0018f544 0018fa98 01ea2150 ffffffff D.......P!......
0x0018f57c: 0018f728 013f0232 00000000 00000000 (...2.?.........
0x0018f58c: 00000000 05540330 00051615 5044c489 ....0.T.......DP
0x0018f59c: a6404688 0018f5b4 50435bca 025dea70 .F@......[CPp.].
0x0018f5ac: 50435bd5 a640469c 0018f5d4 1c23f403 .[CP.F@.......#.
0x0018f5bc: 10679448 00000000 1c1d78c8 1c23f412 H.g......x....#.
0x0018f5cc: 1067944c 036fcf95 0018f63c 504b5218 L.g...o.<....RKP
0x0018f5dc: 10675944 00000000 00000000 00000000 DYg.............
0x0018f5ec: 50422618 504b5294 1c23ee10 00000000 .&BP.RKP..#.....
0x0018f5fc: 00000000 00000000 00000000 00000000 ................
0x0018f60c: 00000000 00000000 00000001 005c005c ............\.\.
0x0018f61c: 005c003f 00730075 00000002 fffffff0 ?.\.u.s.........
0x0018f62c: 0018f640 018106b1 0553b47c 0553b0cc @.......|.S...S.
0x0018f63c: 0553b0d8 01f42934 01810b8e 00000000 ..S.4)..........
0x0018f64c: 00000000 021ab9b8 0000037c 020e930c ........|.......
0x0018f65c: 03dd50e0 03dd3500 03dd3500 0018f660 .P...5...5..`...
0x0018f66c: 0018f664 03dd3500 03dd3531 0018f670 d....5..15..p...
0x0018f67c: 0018f674 00000021 0000000f 0018f680 t...!...........
0x0018f68c: 0018f684 03dc9f40 03dd3500 00000001 ....@....5......
0x0018f69c: 0018f6bc 01f44c18 0018f6e8 00000000 .....L..........
0x0018f6ac: 00000000 00000000 00000201 00000006 ................
0x0018f6bc: 00000000 00000000 00000000 00000000 ................
0x0018f6cc: 00000000 03dc9cd0 77733d25 0018f658 ........%=swX...
0x0018f6dc: 00000000 00000320 ba7286a5 0018f718 .... .....r.....
0x0018f6ec: 753dcaf3 00000000 00000000 00000001 ..=u............
0x0018f6fc: 001f0003 03d11be0 0553b0f0 00000000 ..........S.....
0x0018f70c: 00000000 0553b164 013ee998 0553b164 ....d.S...>.d.S.
0x0018f71c: 00000000 000000ff 0018f73c 0018f73c ........<...<...
0x0018f72c: 013f02f0 00000000 00000000 05540330 ..?.........0.T.
0x0018f73c: 0018f778 013f038f 00000000 00000280 x.....?.........
0x0018f74c: 000001e0 00000000 04f6aea0 0553b0f0 ..............S.
0x0018f75c: 05540330 0000003c 03d3a5f0 00000280 0.T.<...........
0x0018f76c: 000001e0 00000000 0118f78c 0018f78c ................
0x0018f77c: 013f0497 00000000 00000149 055a6460 ..?.....I...`dZ.
0x0018f78c: 0018f88c 011b56d3 00000000 03d7e870 .....V......p...
0x0018f79c: 015e4858 f68e7b5d 012f3a4d 022974a0 XH^.]{..M:/..t).
0x0018f7ac: 00000000 751eca50 01f38594 112afa08 ....P..u......*.
0x0018f7bc: 0018f400 00000000 00000000 00000000 ................
0x0018f7cc: 00000101 00000000 00000001 00000000 ................
0x0018f7dc: 00000000 00000000 00000000 00000000 ................
0x0018f7ec: 00000000 00000000 00000000 00000000 ................
0x0018f7fc: 00000000 00000000 00000000 00000000 ................
0x0018f80c: 00000000 00000000 00000000 00000000 ................
0x0018f81c: 00000000 00000000 0018f7d4 00000000 ................
0x0018f82c: 00000000 00000000 00000000 00000000 ................
0x0018f83c: 00000000 00000000 00000000 00000000 ................
0x0018f84c: 00000001 00000000 00000000 00000000 ................
0x0018f85c: 00000000 00000000 00000000 00000000 ................
0x0018f86c: 00000000 00000000 00000001 02771750 ............P.w.
0x0018f87c: 00000000 00000001 04f6aea0 0000f898 ................
0x0018f88c: 0018f8c8 013eb017 00000000 00000001 ......>.........
0x0018f89c: 00000000 00000010 00000001 000f0cd0 ................
0x0018f8ac: 000000ff 00000001 005a0adf 18b6ab13 ..........Z.....
0x0018f8bc: 0000032b 000003fc 000007b0 0018fa00 +...............
0x0018f8cc: 013ed2b4 0186362b 00000000 00265000 ..>.+6.......P&.
0x0018f8dc: 1c004143 01c0003f 000001ff 00000000 CA..?...........
0x0018f8ec: 1c03c163 02c0003f 00001fff 00000006 c...?...........
0x0018f8fc: 7fffffff 03ce21e0 021461b4 7fffffff .....!...a......
0x0018f90c: 0018f93c 01880a52 03d07900 021461b4 <...R....y...a..
0x0018f91c: 00000010 00000010 0000004d 0000004f ........M...O...
0x0018f92c: 00000000 03d07970 00000010 0018f900 ....py..........
0x0018f93c: 0018f96c 00000048 0000004f 00000000 l...H...O.......
0x0018f94c: 03d07c10 0018f95c 7fffffff 00000000 .|..\...........
0x0018f95c: 0000004e 0000004f 00000000 6f6e6f00 N...O........ono
0x0018f96c: 6e6f6d2f 6c642e6f 03ce006c 00000000 /mono.dll.......
0x0018f97c: 0000000f 00000000 72637300 696e6565 .........screeni
0x0018f98c: 6c650064 00000000 00000000 0000000f d.el............
0x0018f99c: 00000000 03d13500 03ce21e0 021461b4 .....5...!...a..
0x0018f9ac: 0000000d 0000003f 0000003f 00000000 ....?...?.......
0x0018f9bc: 03d13440 03d13478 03d13478 00000000 @4..x4..x4......
0x0018f9cc: 02457160 65646900 646e6957 0000776f `qE..ideWindow..
0x0018f9dc: 0185ccc7 00000000 0000000f 00000000 ................
0x0018f9ec: 00000000 02457160 024571b0 00000000 ....`qE..qE.....
0x0018f9fc: 00100801 0018fa18 0182d5b8 01070000 ................
0x0018fa0c: 00000000 02634681 00000001 0018faa8 .....Fc.........
0x0018fa1c: 018635d8 01070000 00000000 02634681 .5...........Fc.
0x0018fa2c: 00000001 9b2317bf 0186362b 0186362b ......#.+6..+6..
0x0018fa3c: 00265000 00000044 0263249c 0263247c .P&.D....$c.|$c.
0x0018fa4c: 026323fe 00000000 00000000 00000000 .#c.............
0x0018fa5c: 00000000 00000000 00000000 00000000 ................
0x0018fa6c: 00000401 00000001 00000000 00000000 ................
0x0018fa7c: 99950e83 00000000 c0000005 0186362b ............+6..
0x0018fa8c: 00000000 0018fa30 0018ef2c 0018faf4 ....0...,.......
0x0018fa9c: 018652b0 9926859f 00000000 0018fabc .R....&.........
0x0018faac: 748d38f4 00265000 748d38d0 963d8692 .8.t.P&..8.t..=.
0x0018fabc: 0018fb04 77765de3 00265000 1836aba7 .....]vw.P&...6.
0x0018facc: 00000000 00000000 00265000 c0000005 .........P&.....
0x0018fadc: 7545f300 00000000 0018ef0c 1836aba7 ..Eu..........6.
0x0018faec: 0018fac8 0018ef0c 0018fb0c 7777ed50 ............P.ww
0x0018fafc: 6f51635b 00000000 0018fb14 77765dae [cQo.........]vw
0x0018fb0c: ffffffff 7778b7ec 00000000 00000000 ......xw........
0x0018fb1c: 0186362b 00265000 00000000 00000000 +6...P&.........
0x0018fb2c: 00000000 00000000 00000000 00000000 ................
0x0018fb3c: 00000000 00000000 00000000 00000000 ................
0x0018fb4c: 00000000 00000000 00000000 00000000 ................
0x0018fb5c: 00000000 00000000 00000000 00000000 ................
0x0018fb6c: 00000000 00000000 00000000 00000000 ................
0x0018fb7c: 00000000 00000000 00000000 00000000 ................
0x0018fb8c: 00000000 00000000 00000000 00000000 ................
0x0018fb9c: 00000000 00000000 00000000 00000000 ................
0x0018fbac: 00000000 00000000 00000000 00000000 ................
0x0018fbbc: 00000000 00000000 00000000 00000000 ................
0x0018fbcc: 00000000 00000000 00000000 00000000 ................
0x0018fbdc: 00000000 00000000 00000000 00000000 ................
0x0018fbec: 00000000 00000000 00000000 00000000 ................
0x0018fbfc: 00000000 00000000 00000000 00000000 ................
0x0018fc0c: 00000000 00000000 00000000 00000000 ................
0x0018fc1c: 00000000 00000000 00000000 00000000 ................
0x0018fc2c: 00000000 00000000 00000000 00000000 ................
0x0018fc3c: 00000000 00000000 00000000 00000000 ................
0x0018fc4c: 00000000 00000000 00000000 00000000 ................
0x0018fc5c: 00000000 00000000 00000000 00000000 ................
0x0018fc6c: 00000000 00000000 00000000 00000000 ................
0x0018fc7c: 00000000 00000000 00000000 00000000 ................
0x0018fc8c: 00000000 00000000 00000000 00000000 ................
0x0018fc9c: 00000000 00000000 00000000 00000000 ................
0x0018fcac: 00000000 00000000 00000000 00000000 ................
0x0018fcbc: 00000000 00000000 00000000 00000000 ................
0x0018fccc: 00000000 00000000 00000000 00000000 ................
0x0018fcdc: 00000000 00000000 00000000 00000000 ................
0x0018fcec: 00000000 00000000 00000000 00000000 ................
0x0018fcfc: 00000000 00000000 00000000 00000000 ................
0x0018fd0c: 00000000 00000000 00000000 00000000 ................
0x0018fd1c: 00000000 00000000 00000000 00000000 ................
0x0018fd2c: 00000000 00000000 00000000 00000000 ................
0x0018fd3c: 00000000 00000000 00000000 00000000 ................
0x0018fd4c: 00000000 00000000 00000000 00000000 ................
0x0018fd5c: 00000000 00000000 00000000 00000000 ................
0x0018fd6c: 00000000 00000000 00000000 00000000 ................
0x0018fd7c: 00000000 00000000 00000000 00000000 ................
0x0018fd8c: 00000000 00000000 00000000 00000000 ................
0x0018fd9c: 00000000 00000000 00000000 00000000 ................
0x0018fdac: 00000000 00000000 00000000 00000000 ................
0x0018fdbc: 00000000 00000000 00000000 00000000 ................
0x0018fdcc: 00000000 00000000 00000000 00000000 ................
0x0018fddc: 00000000 00000000 00000000 00000000 ................
0x0018fdec: 00000000 00000000 00000000 00000000 ................
0x0018fdfc: 00000000 00000000 00000000 00000000 ................
0x0018fe0c: 00000000 00000000 00000000 00000000 ................
0x0018fe1c: 00000000 00000000 00000000 00000000 ................
0x0018fe2c: 00000000 00000000 00000000 00000000 ................
0x0018fe3c: 00000000 00000000 00000000 00000000 ................
0x0018fe4c: 00000000 00000000 00000000 00000000 ................
0x0018fe5c: 00000000 00000000 00000000 00000000 ................
0x0018fe6c: 00000000 00000000 00000000 00000000 ................
0x0018fe7c: 00000000 00000000 00000000 00000000 ................
0x0018fe8c: 00000000 00000000 00000000 00000000 ................
0x0018fe9c: 00000000 00000000 00000000 00000000 ................
0x0018feac: 00000000 00000000 00000000 00000000 ................
0x0018febc: 00000000 00000000 00000000 00000000 ................
0x0018fecc: 00000000 00000000 00000000 00000000 ................
0x0018fedc: 00000000 00000000 00000000 00000000 ................
0x0018feec: 00000000 00000000 00000000 00000000 ................
0x0018fefc: 00000000 00000000 00000000 00000000 ................
0x0018ff0c: 00000000 00000000 00000000 00000000 ................
0x0018ff1c: 00000000 00000000 00000000 00000000 ................
0x0018ff2c: 00000000 00000000 00000000 00000000 ................
0x0018ff3c: 00000000 00000000 00000000 00000000 ................
0x0018ff4c: 00000000 00000000 00000000 00000000 ................
0x0018ff5c: 00000000 00000000 00000000 00000000 ................
0x0018ff6c: 00000000 00000000 00000000 00000000 ................
0x0018ff7c: 00000000 00000000 00000000 00000000 ................
0x0018ff8c: 00000000 00000000 00000000 00000000 ................
0x0018ff9c: 00000000 00000000 00000000 00000000 ................
0x0018ffac: 00000000 00000000 00000000 00000000 ................
0x0018ffbc: 00000000 00000000 00000000 00000000 ................
0x0018ffcc: 00000000 00000000 00000000 00000000 ................
0x0018ffdc: 00000000 00000000 00000000 00000000 ................
0x0018ffec: 00000000 00000000 00000000 00000000 ................
0x0018fffc: 00000000                            ....

Module 1
C:\WINDOWS\SYSTEM32\WINMMBASE.dll
Image Base: 0x00ff0000  Image Size: 0x00023000
File Size:  132744      File Time:  2015-10-30_171830
Version:
   Company:    Microsoft Corporation
   Product:    Microsoft® Windows® Operating System
   FileDesc:   Base Multimedia Extension API DLL
   FileVer:    10.0.10586.0
   ProdVer:    10.0.10586.0

Module 2
D:\Workspace\Unity_Projects\AugR\Annotations\RemoteClient2.exe
Image Base: 0x01070000  Image Size: 0x013da000
File Size:  19960320    File Time:  2016-03-11_100814
Version:
   Company:    
   Product:    
   FileDesc:   
   FileVer:    5.3.4.47953
   ProdVer:    5.3.4.47953

Module 3
C:\WINDOWS\SYSTEM32\nvwgf2um.dll
Image Base: 0x07e50000  Image Size: 0x0107b000
File Size:  17328008    File Time:  2016-03-22_140804
Version:
   Company:    NVIDIA Corporation
   Product:    NVIDIA D3D10 drivers
   FileDesc:   NVIDIA D3D10 Driver, Version 364.72 
   FileVer:    10.18.13.6472
   ProdVer:    10.18.13.6472

Module 4
C:\WINDOWS\system32\nvapi.dll
Image Base: 0x09040000  Image Size: 0x0034a000
File Size:  3263480     File Time:  2016-03-22_140804
Version:
   Company:    NVIDIA Corporation
   Product:    NVIDIA Windows drivers
   FileDesc:   NVIDIA NVAPI Library, Version 364.72 
   FileVer:    10.18.13.6472
   ProdVer:    10.18.13.6472

Module 5
D:\Workspace\Unity_Projects\AugR\Annotations\RemoteClient2_Data\Mono\mono.dll
Image Base: 0x10000000  Image Size: 0x00230000
File Size:  2114008     File Time:  2016-03-11_102156
Version:
   Company:    Unity Technologies
   Product:    libmono
   FileDesc:   Unity Technologies fork of mono runtime
   FileVer:    1.0.0.1
   ProdVer:    1.0.0.1

Module 6
C:\Windows\SYSTEM32\qedit.dll
Image Base: 0x1c1d0000  Image Size: 0x00091000
File Size:  573440      File Time:  2016-01-05_113640
Version:
   Company:    Microsoft Corporation
   Product:    Microsoft® Windows® Operating System
   FileDesc:   DirectShow Editing.
   FileVer:    10.0.10586.63
   ProdVer:    10.0.10586.63

Module 7
C:\Windows\SYSTEM32\quartz.dll
Image Base: 0x50410000  Image Size: 0x001ac000
File Size:  1542656     File Time:  2016-01-16_151700
Version:
   Company:    Microsoft Corporation
   Product:    Microsoft® Windows® Operating System
   FileDesc:   DirectShow Runtime.
   FileVer:    10.0.10586.71
   ProdVer:    10.0.10586.71

Module 8
C:\WINDOWS\SYSTEM32\GLU32.dll
Image Base: 0x50720000  Image Size: 0x00025000
File Size:  141312      File Time:  2015-10-30_171840
Version:
   Company:    Microsoft Corporation
   Product:    Microsoft® Windows® Operating System
   FileDesc:   OpenGL Utility Library DLL
   FileVer:    10.0.10586.0
   ProdVer:    10.0.10586.0

Module 9
C:\WINDOWS\system32\nvspcap.dll
Image Base: 0x50bf0000  Image Size: 0x00151000
File Size:  1373680     File Time:  2016-03-30_110606
Version:
   Company:    NVIDIA Corporation
   Product:    NVIDIA GeForce Experience
   FileDesc:   NVIDIA Capture Server Proxy
   FileVer:    2.11.2.55
   ProdVer:    2.11.2.55

Module 10
C:\WINDOWS\SYSTEM32\dsound.dll
Image Base: 0x50e20000  Image Size: 0x00086000
File Size:  527360      File Time:  2015-10-30_171830
Version:
   Company:    Microsoft Corporation
   Product:    Microsoft® Windows® Operating System
   FileDesc:   DirectSound
   FileVer:    10.0.10586.0
   ProdVer:    10.0.10586.0

Module 11
C:\Windows\SYSTEM32\msvcp110_win.dll
Image Base: 0x528f0000  Image Size: 0x00065000
File Size:  408528      File Time:  2015-10-30_171832
Version:
   Company:    Microsoft Corporation
   Product:    Microsoft® Windows® Operating System
   FileDesc:   Microsoft® STL110 C++ Runtime Library
   FileVer:    10.0.10586.0
   ProdVer:    10.0.10586.0

Module 12
C:\WINDOWS\SYSTEM32\msdmo.dll
Image Base: 0x59c10000  Image Size: 0x00009000
File Size:  28936       File Time:  2015-10-30_171830
Version:
   Company:    Microsoft Corporation
   Product:    Microsoft® Windows® Operating System
   FileDesc:   DMO Runtime
   FileVer:    10.0.10586.0
   ProdVer:    10.0.10586.0

Module 13
C:\Windows\SYSTEM32\devenum.dll
Image Base: 0x59c20000  Image Size: 0x00015000
File Size:  82096       File Time:  2015-10-30_171830
Version:
   Company:    Microsoft Corporation
   Product:    Microsoft® Windows® Operating System
   FileDesc:   Device enumeration.
   FileVer:    10.0.10586.0
   ProdVer:    10.0.10586.0

Module 14
C:\WINDOWS\SYSTEM32\D3DIM700.DLL
Image Base: 0x5b5e0000  Image Size: 0x000df000
File Size:  889856      File Time:  2015-10-30_171840
Version:
   Company:    Microsoft Corporation
   Product:    Microsoft® Windows® Operating System
   FileDesc:   Microsoft Direct3D
   FileVer:    10.0.10586.0
   ProdVer:    10.0.10586.0

Module 15
C:\WINDOWS\SYSTEM32\policymanager.dll
Image Base: 0x5e530000  Image Size: 0x0004a000
File Size:  296488      File Time:  2015-11-13_163242
Version:
   Company:    Microsoft Corporation
   Product:    Microsoft® Windows® Operating System
   FileDesc:   Policy Manager DLL
   FileVer:    10.0.10586.11
   ProdVer:    10.0.10586.11

Module 16
C:\WINDOWS\SYSTEM32\MSACM32.dll
Image Base: 0x5e610000  Image Size: 0x00018000
File Size:  90912       File Time:  2015-10-30_171830
Version:
   Company:    Microsoft Corporation
   Product:    Microsoft® Windows® Operating System
   FileDesc:   Microsoft ACM Audio Filter
   FileVer:    10.0.10586.0
   ProdVer:    10.0.10586.0

Module 17
C:\WINDOWS\SYSTEM32\wdmaud.drv
Image Base: 0x644d0000  Image Size: 0x00038000
File Size:  205824      File Time:  2015-10-30_171830
Version:
   Company:    Microsoft Corporation
   Product:    Microsoft® Windows® Operating System
   FileDesc:   Winmm  audio system driver
   FileVer:    10.0.10586.0
   ProdVer:    10.0.10586.0

Module 18
C:\WINDOWS\System32\wshbth.dll
Image Base: 0x64a40000  Image Size: 0x00011000
File Size:  51712       File Time:  2015-10-30_171826
Version:
   Company:    Microsoft Corporation
   Product:    Microsoft® Windows® Operating System
   FileDesc:   Windows Sockets Helper DLL
   FileVer:    10.0.10586.0
   ProdVer:    10.0.10586.0

Module 19
C:\WINDOWS\System32\winrnr.dll
Image Base: 0x64a60000  Image Size: 0x0000b000
File Size:  23552       File Time:  2015-10-30_171826
Version:
   Company:    Microsoft Corporation
   Product:    Microsoft® Windows® Operating System
   FileDesc:   LDAP RnR Provider DLL
   FileVer:    10.0.10586.0
   ProdVer:    10.0.10586.0

Module 20
C:\WINDOWS\system32\pnrpnsp.dll
Image Base: 0x64a70000  Image Size: 0x00016000
File Size:  70656       File Time:  2015-10-30_171940
Version:
   Company:    Microsoft Corporation
   Product:    Microsoft® Windows® Operating System
   FileDesc:   PNRP Name Space Provider
   FileVer:    10.0.10586.0
   ProdVer:    10.0.10586.0

Module 21
C:\WINDOWS\system32\napinsp.dll
Image Base: 0x64a90000  Image Size: 0x00012000
File Size:  55808       File Time:  2015-10-30_171836
Version:
   Company:    Microsoft Corporation
   Product:    Microsoft® Windows® Operating System
   FileDesc:   E-mail Naming Shim Provider
   FileVer:    10.0.10586.0
   ProdVer:    10.0.10586.0

Module 22
C:\WINDOWS\WinSxS\x86_microsoft.windows.gdiplus_6595b64144ccf1df_1.1.10586.20_none_22adb5eaa762c7fa\gdiplus.dll
Image Base: 0x65740000  Image Size: 0x0016b000
File Size:  1467392     File Time:  2015-11-24_175928
Version:
   Company:    Microsoft Corporation
   Product:    Microsoft® Windows® Operating System
   FileDesc:   Microsoft GDI+
   FileVer:    10.0.10586.20
   ProdVer:    10.0.10586.20

Module 23
C:\WINDOWS\SYSTEM32\DDRAW.dll
Image Base: 0x66ff0000  Image Size: 0x000ee000
File Size:  551424      File Time:  2015-10-30_171840
Version:
   Company:    Microsoft Corporation
   Product:    Microsoft® Windows® Operating System
   FileDesc:   Microsoft DirectDraw
   FileVer:    10.0.10586.0
   ProdVer:    10.0.10586.0

Module 24
C:\WINDOWS\SYSTEM32\d3d11.dll
Image Base: 0x68b70000  Image Size: 0x0021a000
File Size:  2186864     File Time:  2016-02-23_185602
Version:
   Company:    Microsoft Corporation
   Product:    Microsoft® Windows® Operating System
   FileDesc:   Direct3D 11 Runtime
   FileVer:    10.0.10586.122
   ProdVer:    10.0.10586.122

Module 25
C:\WINDOWS\SYSTEM32\dxgi.dll
Image Base: 0x68d90000  Image Size: 0x00083000
File Size:  523752      File Time:  2016-02-24_173526
Version:
   Company:    Microsoft Corporation
   Product:    Microsoft® Windows® Operating System
   FileDesc:   DirectX Graphics Infrastructure
   FileVer:    10.0.10586.162
   ProdVer:    10.0.10586.162

Module 26
C:\WINDOWS\SYSTEM32\d3d9.dll
Image Base: 0x68e20000  Image Size: 0x001cb000
File Size:  1865584     File Time:  2015-10-30_171840
Version:
   Company:    Microsoft Corporation
   Product:    Microsoft® Windows® Operating System
   FileDesc:   Direct3D 9 Runtime
   FileVer:    10.0.10586.0
   ProdVer:    10.0.10586.0

Module 27
C:\WINDOWS\SYSTEM32\OPENGL32.dll
Image Base: 0x69070000  Image Size: 0x000e0000
File Size:  787456      File Time:  2015-10-30_171840
Version:
   Company:    Microsoft Corporation
   Product:    Microsoft® Windows® Operating System
   FileDesc:   OpenGL Client DLL
   FileVer:    10.0.10586.0
   ProdVer:    10.0.10586.0

Module 28
C:\WINDOWS\SYSTEM32\fwbase.dll
Image Base: 0x69b10000  Image Size: 0x0002d000
File Size:  163328      File Time:  2016-02-24_152228
Version:
   Company:    Microsoft Corporation
   Product:    Microsoft® Windows® Operating System
   FileDesc:   Firewall Base DLL
   FileVer:    10.0.10586.162
   ProdVer:    10.0.10586.162

Module 29
C:\WINDOWS\SYSTEM32\midimap.dll
Image Base: 0x6b230000  Image Size: 0x00008000
File Size:  18944       File Time:  2015-10-30_171830
Version:
   Company:    Microsoft Corporation
   Product:    Microsoft® Windows® Operating System
   FileDesc:   Microsoft MIDI Mapper
   FileVer:    10.0.10586.0
   ProdVer:    10.0.10586.0

Module 30
C:\WINDOWS\SYSTEM32\PROPSYS.dll
Image Base: 0x6ca70000  Image Size: 0x0014b000
File Size:  1355344     File Time:  2015-10-30_171832
Version:
   Company:    Microsoft Corporation
   Product:    Windows® Search
   FileDesc:   Microsoft Property System
   FileVer:    7.0.10586.0
   ProdVer:    7.0.10586.0

Module 31
C:\WINDOWS\SYSTEM32\MMDevAPI.DLL
Image Base: 0x6cbc0000  Image Size: 0x00055000
File Size:  339344      File Time:  2015-10-30_171830
Version:
   Company:    Microsoft Corporation
   Product:    Microsoft® Windows® Operating System
   FileDesc:   MMDevice API
   FileVer:    10.0.10586.0
   ProdVer:    10.0.10586.0

Module 32
C:\WINDOWS\SYSTEM32\AUDIOSES.DLL
Image Base: 0x6cc20000  Image Size: 0x00068000
File Size:  405568      File Time:  2016-01-16_162000
Version:
   Company:    Microsoft Corporation
   Product:    Microsoft® Windows® Operating System
   FileDesc:   Audio Session
   FileVer:    10.0.10586.71
   ProdVer:    10.0.10586.71

Module 33
C:\Windows\SYSTEM32\MSVFW32.dll
Image Base: 0x6f660000  Image Size: 0x00023000
File Size:  124928      File Time:  2015-10-30_171830
Version:
   Company:    Microsoft Corporation
   Product:    Microsoft® Windows® Operating System
   FileDesc:   Microsoft Video for Windows DLL
   FileVer:    10.0.10586.0
   ProdVer:    10.0.10586.0

Module 34
C:\Windows\SYSTEM32\qcap.dll
Image Base: 0x6f690000  Image Size: 0x0003a000
File Size:  218624      File Time:  2015-10-30_171830
Version:
   Company:    Microsoft Corporation
   Product:    Microsoft® Windows® Operating System
   FileDesc:   DirectShow Runtime.
   FileVer:    10.0.10586.0
   ProdVer:    10.0.10586.0

Module 35
C:\Windows\SYSTEM32\kswdmcap.ax
Image Base: 0x6f6d0000  Image Size: 0x00020000
File Size:  118784      File Time:  2015-10-30_171830
Version:
   Company:    Microsoft Corporation
   Product:    Microsoft® Windows® Operating System
   FileDesc:   WDM Streaming Video Capture
   FileVer:    10.0.10586.0
   ProdVer:    10.0.10586.0

Module 36
C:\Windows\SYSTEM32\vidcap.ax
Image Base: 0x6f6f0000  Image Size: 0x0000c000
File Size:  32768       File Time:  2015-10-30_171830
Version:
   Company:    Microsoft Corporation
   Product:    Microsoft® Windows® Operating System
   FileDesc:   Video Capture Interface Server
   FileVer:    10.0.10586.0
   ProdVer:    10.0.10586.0

Module 37
C:\WINDOWS\SYSTEM32\ksuser.dll
Image Base: 0x6f700000  Image Size: 0x00007000
File Size:  19648       File Time:  2015-10-30_171830
Version:
   Company:    Microsoft Corporation
   Product:    Microsoft® Windows® Operating System
   FileDesc:   User CSA Library
   FileVer:    10.0.10586.0
   ProdVer:    10.0.10586.0

Module 38
C:\Windows\SYSTEM32\ksproxy.ax
Image Base: 0x6f710000  Image Size: 0x0003d000
File Size:  235008      File Time:  2016-01-05_113928
Version:
   Company:    Microsoft Corporation
   Product:    Microsoft® Windows® Operating System
   FileDesc:   WDM Streaming ActiveMovie Proxy
   FileVer:    10.0.10586.63
   ProdVer:    10.0.10586.63

Module 39
C:\WINDOWS\SYSTEM32\wintypes.dll
Image Base: 0x6f7c0000  Image Size: 0x000c8000
File Size:  820704      File Time:  2016-01-27_155750
Version:
   Company:    Microsoft Corporation
   Product:    Microsoft® Windows® Operating System
   FileDesc:   Windows Base Types DLL
   FileVer:    10.0.10586.103
   ProdVer:    10.0.10586.103

Module 40
C:\WINDOWS\system32\NLAapi.dll
Image Base: 0x704c0000  Image Size: 0x00014000
File Size:  65024       File Time:  2015-10-30_171932
Version:
   Company:    Microsoft Corporation
   Product:    Microsoft® Windows® Operating System
   FileDesc:   Network Location Awareness 2
   FileVer:    10.0.10586.0
   ProdVer:    10.0.10586.0

Module 41
C:\WINDOWS\SYSTEM32\DCIMAN32.dll
Image Base: 0x704e0000  Image Size: 0x00007000
File Size:  11776       File Time:  2015-11-16_083348
Version:
   Company:    Microsoft Corporation
   Product:    Microsoft® Windows® Operating System
   FileDesc:   DCI Manager
   FileVer:    10.0.10586.3
   ProdVer:    10.0.10586.3

Module 42
C:\WINDOWS\system32\uxtheme.dll
Image Base: 0x71720000  Image Size: 0x00075000
File Size:  458752      File Time:  2015-10-30_171838
Version:
   Company:    Microsoft Corporation
   Product:    Microsoft® Windows® Operating System
   FileDesc:   Microsoft UxTheme Library
   FileVer:    10.0.10586.0
   ProdVer:    10.0.10586.0

Module 43
C:\Windows\SYSTEM32\DPAPI.dll
Image Base: 0x717a0000  Image Size: 0x00008000
File Size:  13312       File Time:  2015-10-30_171828
Version:
   Company:    Microsoft Corporation
   Product:    Microsoft® Windows® Operating System
   FileDesc:   Data Protection API
   FileVer:    10.0.10586.0
   ProdVer:    10.0.10586.0

Module 44
C:\Windows\SYSTEM32\ODBC32.dll
Image Base: 0x717b0000  Image Size: 0x00099000
File Size:  607744      File Time:  2015-10-30_171830
Version:
   Company:    Microsoft Corporation
   Product:    Microsoft® Windows® Operating System
   FileDesc:   ODBC Driver Manager
   FileVer:    10.0.10586.0
   ProdVer:    10.0.10586.0

Module 45
C:\WINDOWS\SYSTEM32\dhcpcsvc6.DLL
Image Base: 0x71850000  Image Size: 0x00013000
File Size:  57344       File Time:  2015-10-30_171832
Version:
   Company:    Microsoft Corporation
   Product:    Microsoft® Windows® Operating System
   FileDesc:   DHCPv6 Client
   FileVer:    10.0.10586.0
   ProdVer:    10.0.10586.0

Module 46
C:\Windows\SYSTEM32\MFC42.dll
Image Base: 0x71870000  Image Size: 0x0012f000
File Size:  1206784     File Time:  2015-10-30_171828
Version:
   Company:    Microsoft Corporation
   Product:    Microsoft (R) Visual C++
   FileDesc:   MFCDLL Shared Library - Retail Version
   FileVer:    6.6.8063.0
   ProdVer:    6.6.4.0

Module 47
C:\WINDOWS\SYSTEM32\dhcpcsvc.DLL
Image Base: 0x719a0000  Image Size: 0x00014000
File Size:  64000       File Time:  2015-10-30_171832
Version:
   Company:    Microsoft Corporation
   Product:    Microsoft® Windows® Operating System
   FileDesc:   DHCP Client Service
   FileVer:    10.0.10586.0
   ProdVer:    10.0.10586.0

Module 48
C:\WINDOWS\SYSTEM32\MSWSOCK.dll
Image Base: 0x721a0000  Image Size: 0x0004f000
File Size:  312160      File Time:  2015-10-30_171832
Version:
   Company:    Microsoft Corporation
   Product:    Microsoft® Windows® Operating System
   FileDesc:   Microsoft Windows Sockets 2.0 Service Provider
   FileVer:    10.0.10586.0
   ProdVer:    10.0.10586.0

Module 49
C:\WINDOWS\SYSTEM32\edputil.dll
Image Base: 0x724f0000  Image Size: 0x00049000
File Size:  279040      File Time:  2015-10-30_171828
Version:
   Company:    Microsoft Corporation
   Product:    Microsoft® Windows® Operating System
   FileDesc:   EDP util
   FileVer:    10.0.10586.0
   ProdVer:    10.0.10586.0

Module 50
C:\WINDOWS\SYSTEM32\efswrt.dll
Image Base: 0x72540000  Image Size: 0x00071000
File Size:  442880      File Time:  2015-10-30_171826
Version:
   Company:    Microsoft Corporation
   Product:    Microsoft® Windows® Operating System
   FileDesc:   Storage Protection Windows Runtime DLL
   FileVer:    10.0.10586.0
   ProdVer:    10.0.10586.0

Module 51
C:\WINDOWS\SYSTEM32\dbghelp.dll
Image Base: 0x725c0000  Image Size: 0x0013f000
File Size:  1196544     File Time:  2015-10-30_171840
Version:
   Company:    Microsoft Corporation
   Product:    Microsoft® Windows® Operating System
   FileDesc:   Windows Image Helper
   FileVer:    10.0.10586.0
   ProdVer:    10.0.10586.0

Module 52
C:\WINDOWS\SYSTEM32\WINHTTP.dll
Image Base: 0x72ab0000  Image Size: 0x0009b000
File Size:  613888      File Time:  2016-01-16_152414
Version:
   Company:    Microsoft Corporation
   Product:    Microsoft® Windows® Operating System
   FileDesc:   Windows HTTP Services
   FileVer:    10.0.10586.71
   ProdVer:    10.0.10586.71

Module 53
C:\WINDOWS\SYSTEM32\AVRT.dll
Image Base: 0x73020000  Image Size: 0x00009000
File Size:  28416       File Time:  2015-10-30_171830
Version:
   Company:    Microsoft Corporation
   Product:    Microsoft® Windows® Operating System
   FileDesc:   Multimedia Realtime Runtime
   FileVer:    10.0.10586.0
   ProdVer:    10.0.10586.0

Module 54
C:\Windows\SYSTEM32\DAVHLPR.DLL
Image Base: 0x73030000  Image Size: 0x0000b000
File Size:  22528       File Time:  2015-10-30_171826
Version:
   Company:    Microsoft Corporation
   Product:    Microsoft® Windows® Operating System
   FileDesc:   DAV Helper DLL
   FileVer:    10.0.10586.0
   ProdVer:    10.0.10586.0

Module 55
C:\WINDOWS\SYSTEM32\DNSAPI.dll
Image Base: 0x73230000  Image Size: 0x00084000
File Size:  535088      File Time:  2015-10-30_171832
Version:
   Company:    Microsoft Corporation
   Product:    Microsoft® Windows® Operating System
   FileDesc:   DNS Client API DLL
   FileVer:    10.0.10586.0
   ProdVer:    10.0.10586.0

Module 56
C:\WINDOWS\system32\dwmapi.dll
Image Base: 0x732c0000  Image Size: 0x0001d000
File Size:  94208       File Time:  2015-10-30_171830
Version:
   Company:    Microsoft Corporation
   Product:    Microsoft® Windows® Operating System
   FileDesc:   Microsoft Desktop Window Manager API
   FileVer:    10.0.10586.0
   ProdVer:    10.0.10586.0

Module 57
C:\WINDOWS\SYSTEM32\HID.DLL
Image Base: 0x73430000  Image Size: 0x0000a000
File Size:  25088       File Time:  2015-10-30_171826
Version:
   Company:    Microsoft Corporation
   Product:    Microsoft® Windows® Operating System
   FileDesc:   Hid User Library
   FileVer:    10.0.10586.0
   ProdVer:    10.0.10586.0

Module 58
C:\WINDOWS\SYSTEM32\WINMM.dll
Image Base: 0x73fc0000  Image Size: 0x00024000
File Size:  134352      File Time:  2015-10-30_171830
Version:
   Company:    Microsoft Corporation
   Product:    Microsoft® Windows® Operating System
   FileDesc:   MCI API DLL
   FileVer:    10.0.10586.0
   ProdVer:    10.0.10586.0

Module 59
C:\WINDOWS\WinSxS\x86_microsoft.windows.common-controls_6595b64144ccf1df_6.0.10586.0_none_d3c2e4e965da4528\comctl32.dll
Image Base: 0x73ff0000  Image Size: 0x0020f000
File Size:  2142048     File Time:  2015-10-30_171838
Version:
   Company:    Microsoft Corporation
   Product:    Microsoft® Windows® Operating System
   FileDesc:   User Experience Controls Library
   FileVer:    6.10.10586.0
   ProdVer:    10.0.10586.0

Module 60
C:\WINDOWS\SYSTEM32\IPHLPAPI.DLL
Image Base: 0x74200000  Image Size: 0x0002f000
File Size:  187488      File Time:  2015-10-30_171832
Version:
   Company:    Microsoft Corporation
   Product:    Microsoft® Windows® Operating System
   FileDesc:   IP Helper API
   FileVer:    10.0.10586.0
   ProdVer:    10.0.10586.0

Module 61
C:\WINDOWS\SYSTEM32\DEVOBJ.dll
Image Base: 0x74320000  Image Size: 0x00022000
File Size:  129160      File Time:  2015-10-30_171824
Version:
   Company:    Microsoft Corporation
   Product:    Microsoft® Windows® Operating System
   FileDesc:   Device Information Set DLL
   FileVer:    10.0.10586.0
   ProdVer:    10.0.10586.0

Module 62
C:\WINDOWS\SYSTEM32\ntmarta.dll
Image Base: 0x74350000  Image Size: 0x00028000
File Size:  150840      File Time:  2015-10-30_171828
Version:
   Company:    Microsoft Corporation
   Product:    Microsoft® Windows® Operating System
   FileDesc:   Windows NT MARTA provider
   FileVer:    10.0.10586.0
   ProdVer:    10.0.10586.0

Module 63
C:\WINDOWS\SYSTEM32\bcrypt.dll
Image Base: 0x74380000  Image Size: 0x0001b000
File Size:  107408      File Time:  2015-10-30_171828
Version:
   Company:    Microsoft Corporation
   Product:    Microsoft® Windows® Operating System
   FileDesc:   Windows Cryptographic Primitives Library
   FileVer:    10.0.10586.0
   ProdVer:    10.0.10586.0

Module 64
C:\WINDOWS\SYSTEM32\VERSION.dll
Image Base: 0x74410000  Image Size: 0x00008000
File Size:  27360       File Time:  2015-10-30_171838
Version:
   Company:    Microsoft Corporation
   Product:    Microsoft® Windows® Operating System
   FileDesc:   Version Checking and File Installation Libraries
   FileVer:    10.0.10586.0
   ProdVer:    10.0.10586.0

Module 65
C:\WINDOWS\SYSTEM32\CRYPTBASE.dll
Image Base: 0x74420000  Image Size: 0x0000a000
File Size:  31528       File Time:  2015-10-30_171832
Version:
   Company:    Microsoft Corporation
   Product:    Microsoft® Windows® Operating System
   FileDesc:   Base cryptographic API DLL
   FileVer:    10.0.10586.0
   ProdVer:    10.0.10586.0

Module 66
C:\WINDOWS\SYSTEM32\SspiCli.dll
Image Base: 0x74430000  Image Size: 0x0001e000
File Size:  116216      File Time:  2015-10-30_171832
Version:
   Company:    Microsoft Corporation
   Product:    Microsoft® Windows® Operating System
   FileDesc:   Security Support Provider Interface
   FileVer:    10.0.10586.0
   ProdVer:    10.0.10586.0

Module 67
C:\WINDOWS\SYSTEM32\OLEAUT32.dll
Image Base: 0x74450000  Image Size: 0x00092000
File Size:  589856      File Time:  2015-10-30_171832
Version:
   Company:    Microsoft Corporation
   Product:    
   FileDesc:   
   FileVer:    10.0.10586.0
   ProdVer:    10.0.10586.0

Module 68
C:\WINDOWS\SYSTEM32\MSCTF.dll
Image Base: 0x744f0000  Image Size: 0x0011f000
File Size:  1174008     File Time:  2016-01-16_160808
Version:
   Company:    Microsoft Corporation
   Product:    Microsoft® Windows® Operating System
   FileDesc:   MSCTF Server DLL
   FileVer:    10.0.10586.71
   ProdVer:    10.0.10586.71

Module 69
C:\WINDOWS\SYSTEM32\ADVAPI32.dll
Image Base: 0x74610000  Image Size: 0x0007b000
File Size:  499432      File Time:  2016-01-05_124824
Version:
   Company:    Microsoft Corporation
   Product:    Microsoft® Windows® Operating System
   FileDesc:   Advanced Windows 32 Base API
   FileVer:    10.0.10586.63
   ProdVer:    10.0.10586.63

Module 70
C:\WINDOWS\SYSTEM32\GDI32.dll
Image Base: 0x74690000  Image Size: 0x0014f000
File Size:  1371792     File Time:  2016-01-05_122128
Version:
   Company:    Microsoft Corporation
   Product:    Microsoft® Windows® Operating System
   FileDesc:   GDI Client DLL
   FileVer:    10.0.10586.63
   ProdVer:    10.0.10586.63

Module 71
C:\WINDOWS\SYSTEM32\WINTRUST.dll
Image Base: 0x747e0000  Image Size: 0x00042000
File Size:  268040      File Time:  2015-10-30_171828
Version:
   Company:    Microsoft Corporation
   Product:    Microsoft® Windows® Operating System
   FileDesc:   Microsoft Trust Verification APIs
   FileVer:    10.0.10586.0
   ProdVer:    10.0.10586.0

Module 72
C:\WINDOWS\SYSTEM32\shcore.dll
Image Base: 0x74830000  Image Size: 0x0008d000
File Size:  569744      File Time:  2015-10-30_171838
Version:
   Company:    Microsoft Corporation
   Product:    Microsoft® Windows® Operating System
   FileDesc:   SHCORE
   FileVer:    10.0.10586.0
   ProdVer:    10.0.10586.0

Module 73
C:\WINDOWS\SYSTEM32\KERNEL32.DLL
Image Base: 0x748c0000  Image Size: 0x000e0000
File Size:  620176      File Time:  2015-10-30_171824
Version:
   Company:    Microsoft Corporation
   Product:    Microsoft® Windows® Operating System
   FileDesc:   Windows NT BASE API Client DLL
   FileVer:    10.0.10586.0
   ProdVer:    10.0.10586.0

Module 74
C:\WINDOWS\SYSTEM32\cfgmgr32.dll
Image Base: 0x749a0000  Image Size: 0x00037000
File Size:  217976      File Time:  2015-10-30_171824
Version:
   Company:    Microsoft Corporation
   Product:    Microsoft® Windows® Operating System
   FileDesc:   Configuration Manager DLL
   FileVer:    10.0.10586.0
   ProdVer:    10.0.10586.0

Module 75
C:\WINDOWS\SYSTEM32\sechost.dll
Image Base: 0x749e0000  Image Size: 0x00044000
File Size:  269616      File Time:  2015-10-30_171832
Version:
   Company:    Microsoft Corporation
   Product:    Microsoft® Windows® Operating System
   FileDesc:   Host for SCM/SDDL/LSA Lookup APIs
   FileVer:    10.0.10586.0
   ProdVer:    10.0.10586.0

Module 76
C:\WINDOWS\SYSTEM32\IMM32.dll
Image Base: 0x74a30000  Image Size: 0x0002b000
File Size:  169928      File Time:  2015-10-30_171830
Version:
   Company:    Microsoft Corporation
   Product:    Microsoft® Windows® Operating System
   FileDesc:   Multi-User Windows IMM32 API Client DLL
   FileVer:    10.0.10586.0
   ProdVer:    10.0.10586.0

Module 77
C:\WINDOWS\SYSTEM32\windows.storage.dll
Image Base: 0x74a60000  Image Size: 0x004fa000
File Size:  5242496     File Time:  2016-02-24_180640
Version:
   Company:    Microsoft Corporation
   Product:    Microsoft® Windows® Operating System
   FileDesc:   Microsoft WinRT Storage API
   FileVer:    10.0.10586.162
   ProdVer:    10.0.10586.162

Module 78
C:\WINDOWS\SYSTEM32\msvcrt.dll
Image Base: 0x74f70000  Image Size: 0x000be000
File Size:  773168      File Time:  2015-10-30_171832
Version:
   Company:    Microsoft Corporation
   Product:    Microsoft® Windows® Operating System
   FileDesc:   Windows NT CRT DLL
   FileVer:    7.0.10586.0
   ProdVer:    10.0.10586.0

Module 79
C:\WINDOWS\SYSTEM32\clbcatq.dll
Image Base: 0x75030000  Image Size: 0x00084000
File Size:  526304      File Time:  2015-10-30_171826
Version:
   Company:    Microsoft Corporation
   Product:    Microsoft® Windows® Operating System
   FileDesc:   COM+ Configuration Catalog
   FileVer:    2001.12.10941.16384
   ProdVer:    10.0.10586.0

Module 80
C:\WINDOWS\SYSTEM32\NSI.dll
Image Base: 0x750c0000  Image Size: 0x00007000
File Size:  20152       File Time:  2015-10-30_171804
Version:
   Company:    Microsoft Corporation
   Product:    Microsoft® Windows® Operating System
   FileDesc:   NSI User-mode interface DLL
   FileVer:    10.0.10586.0
   ProdVer:    10.0.10586.0

Module 81
C:\WINDOWS\SYSTEM32\COMDLG32.dll
Image Base: 0x750d0000  Image Size: 0x000f2000
File Size:  965120      File Time:  2015-10-30_171838
Version:
   Company:    Microsoft Corporation
   Product:    Microsoft® Windows® Operating System
   FileDesc:   Common Dialogs DLL
   FileVer:    10.0.10586.0
   ProdVer:    10.0.10586.0

Module 82
C:\WINDOWS\SYSTEM32\USER32.dll
Image Base: 0x751d0000  Image Size: 0x00147000
File Size:  1337240     File Time:  2015-11-24_192636
Version:
   Company:    Microsoft Corporation
   Product:    Microsoft® Windows® Operating System
   FileDesc:   Multi-User Windows USER API Client DLL
   FileVer:    10.0.10586.20
   ProdVer:    10.0.10586.20

Module 83
C:\WINDOWS\SYSTEM32\KERNELBASE.dll
Image Base: 0x75320000  Image Size: 0x0017e000
File Size:  1557768     File Time:  2016-02-24_191508
Version:
   Company:    Microsoft Corporation
   Product:    Microsoft® Windows® Operating System
   FileDesc:   Windows NT BASE API Client DLL
   FileVer:    10.0.10586.162
   ProdVer:    10.0.10586.162

Module 84
C:\WINDOWS\SYSTEM32\powrprof.dll
Image Base: 0x754a0000  Image Size: 0x00044000
File Size:  270672      File Time:  2015-10-30_171826
Version:
   Company:    Microsoft Corporation
   Product:    Microsoft® Windows® Operating System
   FileDesc:   Power Profile Helper DLL
   FileVer:    10.0.10586.0
   ProdVer:    10.0.10586.0

Module 85
C:\WINDOWS\SYSTEM32\FirewallAPI.dll
Image Base: 0x754f0000  Image Size: 0x0005e000
File Size:  369664      File Time:  2016-02-24_161736
Version:
   Company:    Microsoft Corporation
   Product:    Microsoft® Windows® Operating System
   FileDesc:   Windows Firewall API
   FileVer:    10.0.10586.162
   ProdVer:    10.0.10586.162

Module 86
C:\WINDOWS\SYSTEM32\NETAPI32.dll
Image Base: 0x755d0000  Image Size: 0x00013000
File Size:  69224       File Time:  2015-10-30_171828
Version:
   Company:    Microsoft Corporation
   Product:    Microsoft® Windows® Operating System
   FileDesc:   Net Win32 API DLL
   FileVer:    10.0.10586.0
   ProdVer:    10.0.10586.0

Module 87
C:\WINDOWS\SYSTEM32\WS2_32.dll
Image Base: 0x755f0000  Image Size: 0x0005f000
File Size:  388896      File Time:  2015-10-30_171832
Version:
   Company:    Microsoft Corporation
   Product:    Microsoft® Windows® Operating System
   FileDesc:   Windows Socket 2.0 32-Bit DLL
   FileVer:    10.0.10586.0
   ProdVer:    10.0.10586.0

Module 88
C:\WINDOWS\SYSTEM32\RPCRT4.dll
Image Base: 0x75650000  Image Size: 0x000ad000
File Size:  707600      File Time:  2015-10-30_171832
Version:
   Company:    Microsoft Corporation
   Product:    Microsoft® Windows® Operating System
   FileDesc:   Remote Procedure Call Runtime
   FileVer:    10.0.10586.0
   ProdVer:    10.0.10586.0

Module 89
C:\WINDOWS\SYSTEM32\MSASN1.dll
Image Base: 0x75700000  Image Size: 0x0000e000
File Size:  49592       File Time:  2015-10-30_171828
Version:
   Company:    Microsoft Corporation
   Product:    Microsoft® Windows® Operating System
   FileDesc:   ASN.1 Runtime APIs
   FileVer:    10.0.10586.0
   ProdVer:    10.0.10586.0

Module 90
C:\WINDOWS\SYSTEM32\bcryptPrimitives.dll
Image Base: 0x75710000  Image Size: 0x00058000
File Size:  360480      File Time:  2015-10-30_171804
Version:
   Company:    Microsoft Corporation
   Product:    Microsoft® Windows® Operating System
   FileDesc:   Windows Cryptographic Primitives Library
   FileVer:    10.0.10586.0
   ProdVer:    10.0.10586.0

Module 91
C:\WINDOWS\SYSTEM32\ole32.dll
Image Base: 0x75770000  Image Size: 0x000eb000
File Size:  957608      File Time:  2016-02-24_181148
Version:
   Company:    Microsoft Corporation
   Product:    Microsoft® Windows® Operating System
   FileDesc:   Microsoft OLE for Windows
   FileVer:    10.0.10586.162
   ProdVer:    10.0.10586.162

Module 92
C:\WINDOWS\SYSTEM32\combase.dll
Image Base: 0x758c0000  Image Size: 0x001bd000
File Size:  1824264     File Time:  2016-01-27_155736
Version:
   Company:    Microsoft Corporation
   Product:    Microsoft® Windows® Operating System
   FileDesc:   Microsoft COM for Windows
   FileVer:    10.0.10586.103
   ProdVer:    10.0.10586.103

Module 93
C:\WINDOWS\SYSTEM32\SHLWAPI.dll
Image Base: 0x75a80000  Image Size: 0x00045000
File Size:  276336      File Time:  2015-10-30_171838
Version:
   Company:    Microsoft Corporation
   Product:    Microsoft® Windows® Operating System
   FileDesc:   Shell Light-weight Utility Library
   FileVer:    10.0.10586.0
   ProdVer:    10.0.10586.0

Module 94
C:\WINDOWS\SYSTEM32\SETUPAPI.dll
Image Base: 0x75ad0000  Image Size: 0x0040b000
File Size:  4268360     File Time:  2015-10-30_171824
Version:
   Company:    Microsoft Corporation
   Product:    Microsoft® Windows® Operating System
   FileDesc:   Windows Setup API
   FileVer:    10.0.10586.0
   ProdVer:    10.0.10586.0

Module 95
C:\WINDOWS\SYSTEM32\SHELL32.dll
Image Base: 0x75ee0000  Image Size: 0x013fe000
File Size:  21124344    File Time:  2016-02-23_192716
Version:
   Company:    Microsoft Corporation
   Product:    Microsoft® Windows® Operating System
   FileDesc:   Windows Shell Common Dll
   FileVer:    10.0.10586.122
   ProdVer:    10.0.10586.122

Module 96
C:\WINDOWS\SYSTEM32\profapi.dll
Image Base: 0x772e0000  Image Size: 0x0000f000
File Size:  54752       File Time:  2015-10-30_171832
Version:
   Company:    Microsoft Corporation
   Product:    Microsoft® Windows® Operating System
   FileDesc:   User Profile Basic API
   FileVer:    10.0.10586.0
   ProdVer:    10.0.10586.0

Module 97
C:\WINDOWS\SYSTEM32\CRYPT32.dll
Image Base: 0x772f0000  Image Size: 0x00178000
File Size:  1535024     File Time:  2015-10-30_171828
Version:
   Company:    Microsoft Corporation
   Product:    Microsoft® Windows® Operating System
   FileDesc:   Crypto API32
   FileVer:    10.0.10586.0
   ProdVer:    10.0.10586.0

Module 98
C:\WINDOWS\SYSTEM32\PSAPI.DLL
Image Base: 0x77470000  Image Size: 0x00006000
File Size:  17048       File Time:  2015-10-30_171824
Version:
   Company:    Microsoft Corporation
   Product:    Microsoft® Windows® Operating System
   FileDesc:   Process Status Helper
   FileVer:    10.0.10586.0
   ProdVer:    10.0.10586.0

Module 99
C:\WINDOWS\SYSTEM32\kernel.appcore.dll
Image Base: 0x77520000  Image Size: 0x0000c000
File Size:  39792       File Time:  2015-10-30_171824
Version:
   Company:    Microsoft Corporation
   Product:    Microsoft® Windows® Operating System
   FileDesc:   AppModel API Host
   FileVer:    10.0.10586.0
   ProdVer:    10.0.10586.0

Module 100
C:\WINDOWS\SYSTEM32\ntdll.dll
Image Base: 0x77700000  Image Size: 0x0017b000
File Size:  1542816     File Time:  2016-02-23_203434
Version:
   Company:    Microsoft Corporation
   Product:    Microsoft® Windows® Operating System
   FileDesc:   NT Layer DLL
   FileVer:    10.0.10586.122
   ProdVer:    10.0.10586.122

Module 101
C:\WINDOWS\SYSTEM32\msacm32.drv
Image Base: 0x77880000  Image Size: 0x00009000
File Size:  24064       File Time:  2015-10-30_171830
Version:
   Company:    Microsoft Corporation
   Product:    Microsoft® Windows® Operating System
   FileDesc:   Microsoft Sound Mapper
   FileVer:    10.0.10586.0
   ProdVer:    10.0.10586.0


== [end of error.log] ==
