Unity Player [version: Unity 5.3.4f1_fdbb5133b820]

AR_stream.exe caused an Access Violation (0xc0000005)
  in module AR_stream.exe at 0023:003e98eb.

Error occurred at 2016-04-21_111328.
D:\Workspace\Unity_Projects\AugR\Annotations_V5\AR_stream.exe, run by William.
61% memory in use.
0 MB physical memory [0 MB free].
0 MB paging file [0 MB free].
0 MB user address space [3679 MB free].
Read from location 675666c8 caused an access violation.

Context:
EDI:    0x00000010  ESI: 0x012974a0  EAX:   0x10d572e8
EBX:    0x00000001  ECX: 0x675666c0  EDX:   0x00000000
EIP:    0x003e98eb  EBP: 0x0159fbc0  SegCs: 0x00000023
EFlags: 0x00210206  ESP: 0x0159fa8c  SegSs: 0x0000002b

Bytes at CS:EIP:
8b 51 08 50 ff d2 c7 05 4c 77 29 01 00 00 00 00 

Stack:
0x0159fa8c: 003ed2be 0086362b 00000000 016d6000 ..>.+6.......`m.
0x0159fa9c: 1c004143 01c0003f 000001ff 00000000 CA..?...........
0x0159faac: 1c03c163 02c0003f 00001fff 00000006 c...?...........
0x0159fabc: 7fffffff 01ec2320 011461b4 7fffffff .... #...a......
0x0159facc: 0159fafc 00880a52 03647900 011461b4 ..Y.R....yd..a..
0x0159fadc: 00000010 00000010 0000004c 0000004f ........L...O...
0x0159faec: 00000000 03647970 00000010 0159fb00 ....pyd.......Y.
0x0159fafc: 0159fb2c 00000047 0000004f 00000000 ,.Y.G...O.......
0x0159fb0c: 03647c10 0159fb1c 7fffffff 00000000 .|d...Y.........
0x0159fb1c: 0000004d 0000004f 00000000 6f6e6f00 M...O........ono
0x0159fb2c: 6e6f6d2f 6c642e6f 01ec006c 00000000 /mono.dll.......
0x0159fb3c: 0000000f 00000000 72637300 696e6565 .........screeni
0x0159fb4c: 6c650064 00000000 00000000 0000000f d.el............
0x0159fb5c: 00000000 03653500 01ec2320 011461b4 .....5e. #...a..
0x0159fb6c: 0000000d 0000003e 0000003f 00000000 ....>...?.......
0x0159fb7c: 03653440 03653478 03653478 00000000 @4e.x4e.x4e.....
0x0159fb8c: 01d8b160 65646900 646e6957 0100776f `....ideWindow..
0x0159fb9c: 0085ccc7 00000000 0000000f 00000000 ................
0x0159fbac: 00000000 01d8b160 01d8b1b0 00000000 ....`...........
0x0159fbbc: 00100801 0159fbd8 0082d5b8 00070000 ......Y.........
0x0159fbcc: 00000000 01952b20 00000001 0159fc68 .... +......h.Y.
0x0159fbdc: 008635d8 00070000 00000000 01952b20 .5.......... +..
0x0159fbec: 00000001 57f459b8 0086362b 0086362b .....Y.W+6..+6..
0x0159fbfc: 016d6000 00000044 01950c0e 01950bee .`m.D...........
0x0159fc0c: 01950b72 00000000 00000000 00000000 r...............
0x0159fc1c: 00000000 00000000 00000000 00000000 ................
0x0159fc2c: 00000401 00000001 00000000 00000000 ................
0x0159fc3c: 00010001 00000000 c0000005 0086362b ............+6..
0x0159fc4c: 00000000 0159fbf0 0159f4bc 0159fcb4 ......Y...Y...Y.
0x0159fc5c: 008652b0 57b0cd58 00000000 0159fc7c .R..X..W....|.Y.
0x0159fc6c: 74d338f4 016d6000 74d338d0 d5077577 .8.t.`m..8.twu..
0x0159fc7c: 0159fcc4 77de5de3 016d6000 72f3dd40 ..Y..].w.`m.@..r
0x0159fc8c: 00000000 00000000 016d6000 c0000005 .........`m.....
0x0159fc9c: 77c3f300 00000000 0159f49c 72f3dd40 ...w......Y.@..r
0x0159fcac: 0159fc88 0159f49c 0159fccc 77dfed50 ..Y...Y...Y.P..w
0x0159fcbc: 044d127c 00000000 0159fcd4 77de5dae |.M.......Y..].w
0x0159fccc: ffffffff 77e0b7e4 00000000 00000000 .......w........
0x0159fcdc: 0086362b 016d6000 00000000 00000000 +6...`m.........
0x0159fcec: 00000000 00000000 00000000 00000000 ................
0x0159fcfc: 00000000 00000000 00000000 00000000 ................
0x0159fd0c: 00000000 00000000 00000000 00000000 ................
0x0159fd1c: 00000000 00000000 00000000 00000000 ................
0x0159fd2c: 00000000 00000000 00000000 00000000 ................
0x0159fd3c: 00000000 00000000 00000000 00000000 ................
0x0159fd4c: 00000000 00000000 00000000 00000000 ................
0x0159fd5c: 00000000 00000000 00000000 00000000 ................
0x0159fd6c: 00000000 00000000 00000000 00000000 ................
0x0159fd7c: 00000000 00000000 00000000 00000000 ................
0x0159fd8c: 00000000 00000000 00000000 00000000 ................
0x0159fd9c: 00000000 00000000 00000000 00000000 ................
0x0159fdac: 00000000 00000000 00000000 00000000 ................
0x0159fdbc: 00000000 00000000 00000000 00000000 ................
0x0159fdcc: 00000000 00000000 00000000 00000000 ................
0x0159fddc: 00000000 00000000 00000000 00000000 ................
0x0159fdec: 00000000 00000000 00000000 00000000 ................
0x0159fdfc: 00000000 00000000 00000000 00000000 ................
0x0159fe0c: 00000000 00000000 00000000 00000000 ................
0x0159fe1c: 00000000 00000000 00000000 00000000 ................
0x0159fe2c: 00000000 00000000 00000000 00000000 ................
0x0159fe3c: 00000000 00000000 00000000 00000000 ................
0x0159fe4c: 00000000 00000000 00000000 00000000 ................
0x0159fe5c: 00000000 00000000 00000000 00000000 ................
0x0159fe6c: 00000000 00000000 00000000 00000000 ................
0x0159fe7c: 00000000 00000000 00000000 00000000 ................
0x0159fe8c: 00000000 00000000 00000000 00000000 ................
0x0159fe9c: 00000000 00000000 00000000 00000000 ................
0x0159feac: 00000000 00000000 00000000 00000000 ................
0x0159febc: 00000000 00000000 00000000 00000000 ................
0x0159fecc: 00000000 00000000 00000000 00000000 ................
0x0159fedc: 00000000 00000000 00000000 00000000 ................
0x0159feec: 00000000 00000000 00000000 00000000 ................
0x0159fefc: 00000000 00000000 00000000 00000000 ................
0x0159ff0c: 00000000 00000000 00000000 00000000 ................
0x0159ff1c: 00000000 00000000 00000000 00000000 ................
0x0159ff2c: 00000000 00000000 00000000 00000000 ................
0x0159ff3c: 00000000 00000000 00000000 00000000 ................
0x0159ff4c: 00000000 00000000 00000000 00000000 ................
0x0159ff5c: 00000000 00000000 00000000 00000000 ................
0x0159ff6c: 00000000 00000000 00000000 00000000 ................
0x0159ff7c: 00000000 00000000 00000000 00000000 ................
0x0159ff8c: 00000000 00000000 00000000 00000000 ................
0x0159ff9c: 00000000 00000000 00000000 00000000 ................
0x0159ffac: 00000000 00000000 00000000 00000000 ................
0x0159ffbc: 00000000 00000000 00000000 00000000 ................
0x0159ffcc: 00000000 00000000 00000000 00000000 ................
0x0159ffdc: 00000000 00000000 00000000 00000000 ................
0x0159ffec: 00000000 00000000 00000000 00000000 ................
0x0159fffc: 00000000                            ....

Module 1
D:\Workspace\Unity_Projects\AugR\Annotations_V5\AR_stream.exe
Image Base: 0x00070000  Image Size: 0x013da000
File Size:  19960320    File Time:  2016-03-11_100814
Version:
   Company:    
   Product:    
   FileDesc:   
   FileVer:    5.3.4.47953
   ProdVer:    5.3.4.47953

Module 2
C:\WINDOWS\SYSTEM32\WINMMBASE.dll
Image Base: 0x01d50000  Image Size: 0x00023000
File Size:  132744      File Time:  2015-10-30_171830
Version:
   Company:    Microsoft Corporation
   Product:    Microsoft® Windows® Operating System
   FileDesc:   Base Multimedia Extension API DLL
   FileVer:    10.0.10586.0
   ProdVer:    10.0.10586.0

Module 3
C:\WINDOWS\SYSTEM32\msacm32.drv
Image Base: 0x0f1b0000  Image Size: 0x00009000
File Size:  24064       File Time:  2015-10-30_171830
Version:
   Company:    Microsoft Corporation
   Product:    Microsoft® Windows® Operating System
   FileDesc:   Microsoft Sound Mapper
   FileVer:    10.0.10586.0
   ProdVer:    10.0.10586.0

Module 4
C:\WINDOWS\SYSTEM32\midimap.dll
Image Base: 0x0f1c0000  Image Size: 0x00008000
File Size:  18944       File Time:  2015-10-30_171830
Version:
   Company:    Microsoft Corporation
   Product:    Microsoft® Windows® Operating System
   FileDesc:   Microsoft MIDI Mapper
   FileVer:    10.0.10586.0
   ProdVer:    10.0.10586.0

Module 5
D:\Workspace\Unity_Projects\AugR\Annotations_V5\AR_stream_Data\Mono\mono.dll
Image Base: 0x10000000  Image Size: 0x00230000
File Size:  2114008     File Time:  2016-03-11_102156
Version:
   Company:    Unity Technologies
   Product:    libmono
   FileDesc:   Unity Technologies fork of mono runtime
   FileVer:    1.0.0.1
   ProdVer:    1.0.0.1

Module 6
C:\WINDOWS\SYSTEM32\dsound.dll
Image Base: 0x504a0000  Image Size: 0x00086000
File Size:  527360      File Time:  2015-10-30_171830
Version:
   Company:    Microsoft Corporation
   Product:    Microsoft® Windows® Operating System
   FileDesc:   DirectSound
   FileVer:    10.0.10586.0
   ProdVer:    10.0.10586.0

Module 7
C:\WINDOWS\SYSTEM32\GLU32.dll
Image Base: 0x50bb0000  Image Size: 0x00025000
File Size:  141312      File Time:  2015-10-30_171840
Version:
   Company:    Microsoft Corporation
   Product:    Microsoft® Windows® Operating System
   FileDesc:   OpenGL Utility Library DLL
   FileVer:    10.0.10586.0
   ProdVer:    10.0.10586.0

Module 8
C:\WINDOWS\SYSTEM32\wdmaud.drv
Image Base: 0x64040000  Image Size: 0x00038000
File Size:  205824      File Time:  2015-10-30_171830
Version:
   Company:    Microsoft Corporation
   Product:    Microsoft® Windows® Operating System
   FileDesc:   Winmm  audio system driver
   FileVer:    10.0.10586.0
   ProdVer:    10.0.10586.0

Module 9
C:\WINDOWS\SYSTEM32\ksuser.dll
Image Base: 0x64370000  Image Size: 0x00007000
File Size:  19648       File Time:  2015-10-30_171830
Version:
   Company:    Microsoft Corporation
   Product:    Microsoft® Windows® Operating System
   FileDesc:   User CSA Library
   FileVer:    10.0.10586.0
   ProdVer:    10.0.10586.0

Module 10
C:\WINDOWS\System32\wshbth.dll
Image Base: 0x64700000  Image Size: 0x00011000
File Size:  51712       File Time:  2015-10-30_171826
Version:
   Company:    Microsoft Corporation
   Product:    Microsoft® Windows® Operating System
   FileDesc:   Windows Sockets Helper DLL
   FileVer:    10.0.10586.0
   ProdVer:    10.0.10586.0

Module 11
C:\WINDOWS\System32\winrnr.dll
Image Base: 0x64720000  Image Size: 0x0000b000
File Size:  23552       File Time:  2015-10-30_171826
Version:
   Company:    Microsoft Corporation
   Product:    Microsoft® Windows® Operating System
   FileDesc:   LDAP RnR Provider DLL
   FileVer:    10.0.10586.0
   ProdVer:    10.0.10586.0

Module 12
C:\WINDOWS\system32\pnrpnsp.dll
Image Base: 0x64730000  Image Size: 0x00016000
File Size:  70656       File Time:  2015-10-30_171940
Version:
   Company:    Microsoft Corporation
   Product:    Microsoft® Windows® Operating System
   FileDesc:   PNRP Name Space Provider
   FileVer:    10.0.10586.0
   ProdVer:    10.0.10586.0

Module 13
C:\WINDOWS\system32\napinsp.dll
Image Base: 0x64750000  Image Size: 0x00012000
File Size:  55808       File Time:  2015-10-30_171836
Version:
   Company:    Microsoft Corporation
   Product:    Microsoft® Windows® Operating System
   FileDesc:   E-mail Naming Shim Provider
   FileVer:    10.0.10586.0
   ProdVer:    10.0.10586.0

Module 14
C:\WINDOWS\SYSTEM32\DDRAW.dll
Image Base: 0x66ff0000  Image Size: 0x000ee000
File Size:  551424      File Time:  2015-10-30_171840
Version:
   Company:    Microsoft Corporation
   Product:    Microsoft® Windows® Operating System
   FileDesc:   Microsoft DirectDraw
   FileVer:    10.0.10586.0
   ProdVer:    10.0.10586.0

Module 15
C:\WINDOWS\system32\nvapi.dll
Image Base: 0x679a0000  Image Size: 0x0034a000
File Size:  3263480     File Time:  2016-03-22_140804
Version:
   Company:    NVIDIA Corporation
   Product:    NVIDIA Windows drivers
   FileDesc:   NVIDIA NVAPI Library, Version 364.72 
   FileVer:    10.18.13.6472
   ProdVer:    10.18.13.6472

Module 16
C:\WINDOWS\SYSTEM32\OPENGL32.dll
Image Base: 0x688d0000  Image Size: 0x000e0000
File Size:  787456      File Time:  2015-10-30_171840
Version:
   Company:    Microsoft Corporation
   Product:    Microsoft® Windows® Operating System
   FileDesc:   OpenGL Client DLL
   FileVer:    10.0.10586.0
   ProdVer:    10.0.10586.0

Module 17
C:\WINDOWS\SYSTEM32\DCIMAN32.dll
Image Base: 0x6a970000  Image Size: 0x00007000
File Size:  11776       File Time:  2015-11-16_083348
Version:
   Company:    Microsoft Corporation
   Product:    Microsoft® Windows® Operating System
   FileDesc:   DCI Manager
   FileVer:    10.0.10586.3
   ProdVer:    10.0.10586.3

Module 18
C:\WINDOWS\SYSTEM32\MSACM32.dll
Image Base: 0x6aa70000  Image Size: 0x00018000
File Size:  90912       File Time:  2015-10-30_171830
Version:
   Company:    Microsoft Corporation
   Product:    Microsoft® Windows® Operating System
   FileDesc:   Microsoft ACM Audio Filter
   FileVer:    10.0.10586.0
   ProdVer:    10.0.10586.0

Module 19
C:\WINDOWS\system32\nvspcap.dll
Image Base: 0x6abb0000  Image Size: 0x00151000
File Size:  1373680     File Time:  2016-03-30_110606
Version:
   Company:    NVIDIA Corporation
   Product:    NVIDIA GeForce Experience
   FileDesc:   NVIDIA Capture Server Proxy
   FileVer:    2.11.2.55
   ProdVer:    2.11.2.55

Module 20
C:\WINDOWS\SYSTEM32\nvwgf2um.dll
Image Base: 0x6ad80000  Image Size: 0x0107b000
File Size:  17328008    File Time:  2016-03-22_140804
Version:
   Company:    NVIDIA Corporation
   Product:    NVIDIA D3D10 drivers
   FileDesc:   NVIDIA D3D10 Driver, Version 364.72 
   FileVer:    10.18.13.6472
   ProdVer:    10.18.13.6472

Module 21
C:\WINDOWS\SYSTEM32\d3d11.dll
Image Base: 0x6beb0000  Image Size: 0x0021a000
File Size:  2186864     File Time:  2016-02-23_185602
Version:
   Company:    Microsoft Corporation
   Product:    Microsoft® Windows® Operating System
   FileDesc:   Direct3D 11 Runtime
   FileVer:    10.0.10586.122
   ProdVer:    10.0.10586.122

Module 22
C:\WINDOWS\SYSTEM32\dxgi.dll
Image Base: 0x6c0d0000  Image Size: 0x00083000
File Size:  523752      File Time:  2016-02-24_173526
Version:
   Company:    Microsoft Corporation
   Product:    Microsoft® Windows® Operating System
   FileDesc:   DirectX Graphics Infrastructure
   FileVer:    10.0.10586.162
   ProdVer:    10.0.10586.162

Module 23
C:\WINDOWS\SYSTEM32\d3d9.dll
Image Base: 0x6c160000  Image Size: 0x001cb000
File Size:  1865584     File Time:  2015-10-30_171840
Version:
   Company:    Microsoft Corporation
   Product:    Microsoft® Windows® Operating System
   FileDesc:   Direct3D 9 Runtime
   FileVer:    10.0.10586.0
   ProdVer:    10.0.10586.0

Module 24
C:\WINDOWS\SYSTEM32\PROPSYS.dll
Image Base: 0x6cf70000  Image Size: 0x0014b000
File Size:  1355344     File Time:  2015-10-30_171832
Version:
   Company:    Microsoft Corporation
   Product:    Windows® Search
   FileDesc:   Microsoft Property System
   FileVer:    7.0.10586.0
   ProdVer:    7.0.10586.0

Module 25
C:\WINDOWS\SYSTEM32\MMDevAPI.DLL
Image Base: 0x6f680000  Image Size: 0x00055000
File Size:  339344      File Time:  2015-10-30_171830
Version:
   Company:    Microsoft Corporation
   Product:    Microsoft® Windows® Operating System
   FileDesc:   MMDevice API
   FileVer:    10.0.10586.0
   ProdVer:    10.0.10586.0

Module 26
C:\WINDOWS\SYSTEM32\AUDIOSES.DLL
Image Base: 0x6faa0000  Image Size: 0x00068000
File Size:  405568      File Time:  2016-01-16_162000
Version:
   Company:    Microsoft Corporation
   Product:    Microsoft® Windows® Operating System
   FileDesc:   Audio Session
   FileVer:    10.0.10586.71
   ProdVer:    10.0.10586.71

Module 27
C:\WINDOWS\SYSTEM32\edputil.dll
Image Base: 0x6fe80000  Image Size: 0x00049000
File Size:  279040      File Time:  2015-10-30_171828
Version:
   Company:    Microsoft Corporation
   Product:    Microsoft® Windows® Operating System
   FileDesc:   EDP util
   FileVer:    10.0.10586.0
   ProdVer:    10.0.10586.0

Module 28
C:\WINDOWS\SYSTEM32\wintypes.dll
Image Base: 0x6fed0000  Image Size: 0x000c8000
File Size:  820704      File Time:  2016-01-27_155750
Version:
   Company:    Microsoft Corporation
   Product:    Microsoft® Windows® Operating System
   FileDesc:   Windows Base Types DLL
   FileVer:    10.0.10586.103
   ProdVer:    10.0.10586.103

Module 29
C:\WINDOWS\SYSTEM32\efswrt.dll
Image Base: 0x6ffa0000  Image Size: 0x00071000
File Size:  442880      File Time:  2015-10-30_171826
Version:
   Company:    Microsoft Corporation
   Product:    Microsoft® Windows® Operating System
   FileDesc:   Storage Protection Windows Runtime DLL
   FileVer:    10.0.10586.0
   ProdVer:    10.0.10586.0

Module 30
C:\WINDOWS\system32\NLAapi.dll
Image Base: 0x70160000  Image Size: 0x00014000
File Size:  65024       File Time:  2015-10-30_171932
Version:
   Company:    Microsoft Corporation
   Product:    Microsoft® Windows® Operating System
   FileDesc:   Network Location Awareness 2
   FileVer:    10.0.10586.0
   ProdVer:    10.0.10586.0

Module 31
C:\WINDOWS\system32\uxtheme.dll
Image Base: 0x70180000  Image Size: 0x00075000
File Size:  458752      File Time:  2015-10-30_171838
Version:
   Company:    Microsoft Corporation
   Product:    Microsoft® Windows® Operating System
   FileDesc:   Microsoft UxTheme Library
   FileVer:    10.0.10586.0
   ProdVer:    10.0.10586.0

Module 32
C:\WINDOWS\SYSTEM32\dbghelp.dll
Image Base: 0x710a0000  Image Size: 0x0013f000
File Size:  1196544     File Time:  2015-10-30_171840
Version:
   Company:    Microsoft Corporation
   Product:    Microsoft® Windows® Operating System
   FileDesc:   Windows Image Helper
   FileVer:    10.0.10586.0
   ProdVer:    10.0.10586.0

Module 33
C:\WINDOWS\SYSTEM32\DNSAPI.dll
Image Base: 0x71570000  Image Size: 0x00084000
File Size:  535080      File Time:  2016-03-29_192856
Version:
   Company:    Microsoft Corporation
   Product:    Microsoft® Windows® Operating System
   FileDesc:   DNS Client API DLL
   FileVer:    10.0.10586.212
   ProdVer:    10.0.10586.212

Module 34
C:\WINDOWS\system32\dwmapi.dll
Image Base: 0x71630000  Image Size: 0x0001d000
File Size:  94208       File Time:  2015-10-30_171830
Version:
   Company:    Microsoft Corporation
   Product:    Microsoft® Windows® Operating System
   FileDesc:   Microsoft Desktop Window Manager API
   FileVer:    10.0.10586.0
   ProdVer:    10.0.10586.0

Module 35
C:\WINDOWS\SYSTEM32\AVRT.dll
Image Base: 0x71690000  Image Size: 0x00009000
File Size:  28416       File Time:  2015-10-30_171830
Version:
   Company:    Microsoft Corporation
   Product:    Microsoft® Windows® Operating System
   FileDesc:   Multimedia Realtime Runtime
   FileVer:    10.0.10586.0
   ProdVer:    10.0.10586.0

Module 36
C:\WINDOWS\SYSTEM32\HID.DLL
Image Base: 0x719b0000  Image Size: 0x0000a000
File Size:  25088       File Time:  2015-10-30_171826
Version:
   Company:    Microsoft Corporation
   Product:    Microsoft® Windows® Operating System
   FileDesc:   Hid User Library
   FileVer:    10.0.10586.0
   ProdVer:    10.0.10586.0

Module 37
C:\WINDOWS\SYSTEM32\dhcpcsvc6.DLL
Image Base: 0x72d20000  Image Size: 0x00013000
File Size:  57344       File Time:  2015-10-30_171832
Version:
   Company:    Microsoft Corporation
   Product:    Microsoft® Windows® Operating System
   FileDesc:   DHCPv6 Client
   FileVer:    10.0.10586.0
   ProdVer:    10.0.10586.0

Module 38
C:\WINDOWS\SYSTEM32\dhcpcsvc.DLL
Image Base: 0x72d40000  Image Size: 0x00014000
File Size:  64000       File Time:  2015-10-30_171832
Version:
   Company:    Microsoft Corporation
   Product:    Microsoft® Windows® Operating System
   FileDesc:   DHCP Client Service
   FileVer:    10.0.10586.0
   ProdVer:    10.0.10586.0

Module 39
C:\WINDOWS\SYSTEM32\MSWSOCK.dll
Image Base: 0x73540000  Image Size: 0x0004f000
File Size:  312160      File Time:  2015-10-30_171832
Version:
   Company:    Microsoft Corporation
   Product:    Microsoft® Windows® Operating System
   FileDesc:   Microsoft Windows Sockets 2.0 Service Provider
   FileVer:    10.0.10586.0
   ProdVer:    10.0.10586.0

Module 40
C:\WINDOWS\SYSTEM32\WINHTTP.dll
Image Base: 0x738b0000  Image Size: 0x0009b000
File Size:  613888      File Time:  2016-01-16_152414
Version:
   Company:    Microsoft Corporation
   Product:    Microsoft® Windows® Operating System
   FileDesc:   Windows HTTP Services
   FileVer:    10.0.10586.71
   ProdVer:    10.0.10586.71

Module 41
C:\WINDOWS\SYSTEM32\WINMM.dll
Image Base: 0x73bd0000  Image Size: 0x00024000
File Size:  134352      File Time:  2015-10-30_171830
Version:
   Company:    Microsoft Corporation
   Product:    Microsoft® Windows® Operating System
   FileDesc:   MCI API DLL
   FileVer:    10.0.10586.0
   ProdVer:    10.0.10586.0

Module 42
C:\WINDOWS\WinSxS\x86_microsoft.windows.common-controls_6595b64144ccf1df_6.0.10586.0_none_d3c2e4e965da4528\comctl32.dll
Image Base: 0x73c10000  Image Size: 0x0020f000
File Size:  2142048     File Time:  2015-10-30_171838
Version:
   Company:    Microsoft Corporation
   Product:    Microsoft® Windows® Operating System
   FileDesc:   User Experience Controls Library
   FileVer:    6.10.10586.0
   ProdVer:    10.0.10586.0

Module 43
C:\WINDOWS\SYSTEM32\IPHLPAPI.DLL
Image Base: 0x73e20000  Image Size: 0x0002f000
File Size:  187488      File Time:  2015-10-30_171832
Version:
   Company:    Microsoft Corporation
   Product:    Microsoft® Windows® Operating System
   FileDesc:   IP Helper API
   FileVer:    10.0.10586.0
   ProdVer:    10.0.10586.0

Module 44
C:\WINDOWS\SYSTEM32\DEVOBJ.dll
Image Base: 0x749a0000  Image Size: 0x00022000
File Size:  129160      File Time:  2015-10-30_171824
Version:
   Company:    Microsoft Corporation
   Product:    Microsoft® Windows® Operating System
   FileDesc:   Device Information Set DLL
   FileVer:    10.0.10586.0
   ProdVer:    10.0.10586.0

Module 45
C:\WINDOWS\SYSTEM32\ntmarta.dll
Image Base: 0x749d0000  Image Size: 0x00028000
File Size:  150840      File Time:  2015-10-30_171828
Version:
   Company:    Microsoft Corporation
   Product:    Microsoft® Windows® Operating System
   FileDesc:   Windows NT MARTA provider
   FileVer:    10.0.10586.0
   ProdVer:    10.0.10586.0

Module 46
C:\WINDOWS\SYSTEM32\bcrypt.dll
Image Base: 0x74a00000  Image Size: 0x0001b000
File Size:  107408      File Time:  2015-10-30_171828
Version:
   Company:    Microsoft Corporation
   Product:    Microsoft® Windows® Operating System
   FileDesc:   Windows Cryptographic Primitives Library
   FileVer:    10.0.10586.0
   ProdVer:    10.0.10586.0

Module 47
C:\WINDOWS\SYSTEM32\VERSION.dll
Image Base: 0x74a90000  Image Size: 0x00008000
File Size:  27360       File Time:  2015-10-30_171838
Version:
   Company:    Microsoft Corporation
   Product:    Microsoft® Windows® Operating System
   FileDesc:   Version Checking and File Installation Libraries
   FileVer:    10.0.10586.0
   ProdVer:    10.0.10586.0

Module 48
C:\WINDOWS\SYSTEM32\CRYPTBASE.dll
Image Base: 0x74aa0000  Image Size: 0x0000a000
File Size:  31528       File Time:  2015-10-30_171832
Version:
   Company:    Microsoft Corporation
   Product:    Microsoft® Windows® Operating System
   FileDesc:   Base cryptographic API DLL
   FileVer:    10.0.10586.0
   ProdVer:    10.0.10586.0

Module 49
C:\WINDOWS\SYSTEM32\SspiCli.dll
Image Base: 0x74ab0000  Image Size: 0x0001e000
File Size:  116216      File Time:  2015-10-30_171832
Version:
   Company:    Microsoft Corporation
   Product:    Microsoft® Windows® Operating System
   FileDesc:   Security Support Provider Interface
   FileVer:    10.0.10586.0
   ProdVer:    10.0.10586.0

Module 50
C:\WINDOWS\SYSTEM32\msvcrt.dll
Image Base: 0x74ae0000  Image Size: 0x000be000
File Size:  773168      File Time:  2015-10-30_171832
Version:
   Company:    Microsoft Corporation
   Product:    Microsoft® Windows® Operating System
   FileDesc:   Windows NT CRT DLL
   FileVer:    7.0.10586.0
   ProdVer:    10.0.10586.0

Module 51
C:\WINDOWS\SYSTEM32\KERNEL32.DLL
Image Base: 0x74d20000  Image Size: 0x000e0000
File Size:  620176      File Time:  2015-10-30_171824
Version:
   Company:    Microsoft Corporation
   Product:    Microsoft® Windows® Operating System
   FileDesc:   Windows NT BASE API Client DLL
   FileVer:    10.0.10586.0
   ProdVer:    10.0.10586.0

Module 52
C:\WINDOWS\SYSTEM32\GDI32.dll
Image Base: 0x74e00000  Image Size: 0x0014f000
File Size:  1371792     File Time:  2016-01-05_122128
Version:
   Company:    Microsoft Corporation
   Product:    Microsoft® Windows® Operating System
   FileDesc:   GDI Client DLL
   FileVer:    10.0.10586.63
   ProdVer:    10.0.10586.63

Module 53
C:\WINDOWS\SYSTEM32\USER32.dll
Image Base: 0x74f50000  Image Size: 0x00147000
File Size:  1337240     File Time:  2015-11-24_192636
Version:
   Company:    Microsoft Corporation
   Product:    Microsoft® Windows® Operating System
   FileDesc:   Multi-User Windows USER API Client DLL
   FileVer:    10.0.10586.20
   ProdVer:    10.0.10586.20

Module 54
C:\WINDOWS\SYSTEM32\sechost.dll
Image Base: 0x750a0000  Image Size: 0x00044000
File Size:  269616      File Time:  2015-10-30_171832
Version:
   Company:    Microsoft Corporation
   Product:    Microsoft® Windows® Operating System
   FileDesc:   Host for SCM/SDDL/LSA Lookup APIs
   FileVer:    10.0.10586.0
   ProdVer:    10.0.10586.0

Module 55
C:\WINDOWS\SYSTEM32\SHLWAPI.dll
Image Base: 0x750f0000  Image Size: 0x00045000
File Size:  276336      File Time:  2015-10-30_171838
Version:
   Company:    Microsoft Corporation
   Product:    Microsoft® Windows® Operating System
   FileDesc:   Shell Light-weight Utility Library
   FileVer:    10.0.10586.0
   ProdVer:    10.0.10586.0

Module 56
C:\WINDOWS\SYSTEM32\MSCTF.dll
Image Base: 0x75200000  Image Size: 0x0011f000
File Size:  1174008     File Time:  2016-01-16_160808
Version:
   Company:    Microsoft Corporation
   Product:    Microsoft® Windows® Operating System
   FileDesc:   MSCTF Server DLL
   FileVer:    10.0.10586.71
   ProdVer:    10.0.10586.71

Module 57
C:\WINDOWS\SYSTEM32\cfgmgr32.dll
Image Base: 0x75320000  Image Size: 0x00037000
File Size:  217976      File Time:  2015-10-30_171824
Version:
   Company:    Microsoft Corporation
   Product:    Microsoft® Windows® Operating System
   FileDesc:   Configuration Manager DLL
   FileVer:    10.0.10586.0
   ProdVer:    10.0.10586.0

Module 58
C:\WINDOWS\SYSTEM32\NSI.dll
Image Base: 0x75360000  Image Size: 0x00007000
File Size:  20152       File Time:  2015-10-30_171804
Version:
   Company:    Microsoft Corporation
   Product:    Microsoft® Windows® Operating System
   FileDesc:   NSI User-mode interface DLL
   FileVer:    10.0.10586.0
   ProdVer:    10.0.10586.0

Module 59
C:\WINDOWS\SYSTEM32\shcore.dll
Image Base: 0x75370000  Image Size: 0x0008d000
File Size:  569744      File Time:  2015-10-30_171838
Version:
   Company:    Microsoft Corporation
   Product:    Microsoft® Windows® Operating System
   FileDesc:   SHCORE
   FileVer:    10.0.10586.0
   ProdVer:    10.0.10586.0

Module 60
C:\WINDOWS\SYSTEM32\windows.storage.dll
Image Base: 0x75400000  Image Size: 0x004fa000
File Size:  5242496     File Time:  2016-02-24_180640
Version:
   Company:    Microsoft Corporation
   Product:    Microsoft® Windows® Operating System
   FileDesc:   Microsoft WinRT Storage API
   FileVer:    10.0.10586.162
   ProdVer:    10.0.10586.162

Module 61
C:\WINDOWS\SYSTEM32\powrprof.dll
Image Base: 0x75900000  Image Size: 0x00044000
File Size:  270672      File Time:  2015-10-30_171826
Version:
   Company:    Microsoft Corporation
   Product:    Microsoft® Windows® Operating System
   FileDesc:   Power Profile Helper DLL
   FileVer:    10.0.10586.0
   ProdVer:    10.0.10586.0

Module 62
C:\WINDOWS\SYSTEM32\PSAPI.DLL
Image Base: 0x759f0000  Image Size: 0x00006000
File Size:  17048       File Time:  2015-10-30_171824
Version:
   Company:    Microsoft Corporation
   Product:    Microsoft® Windows® Operating System
   FileDesc:   Process Status Helper
   FileVer:    10.0.10586.0
   ProdVer:    10.0.10586.0

Module 63
C:\WINDOWS\SYSTEM32\profapi.dll
Image Base: 0x75a00000  Image Size: 0x0000f000
File Size:  54752       File Time:  2015-10-30_171832
Version:
   Company:    Microsoft Corporation
   Product:    Microsoft® Windows® Operating System
   FileDesc:   User Profile Basic API
   FileVer:    10.0.10586.0
   ProdVer:    10.0.10586.0

Module 64
C:\WINDOWS\SYSTEM32\WS2_32.dll
Image Base: 0x75a80000  Image Size: 0x0005f000
File Size:  388896      File Time:  2015-10-30_171832
Version:
   Company:    Microsoft Corporation
   Product:    Microsoft® Windows® Operating System
   FileDesc:   Windows Socket 2.0 32-Bit DLL
   FileVer:    10.0.10586.0
   ProdVer:    10.0.10586.0

Module 65
C:\WINDOWS\SYSTEM32\RPCRT4.dll
Image Base: 0x75b30000  Image Size: 0x000ad000
File Size:  707600      File Time:  2015-10-30_171832
Version:
   Company:    Microsoft Corporation
   Product:    Microsoft® Windows® Operating System
   FileDesc:   Remote Procedure Call Runtime
   FileVer:    10.0.10586.0
   ProdVer:    10.0.10586.0

Module 66
C:\WINDOWS\SYSTEM32\kernel.appcore.dll
Image Base: 0x75c00000  Image Size: 0x0000c000
File Size:  39792       File Time:  2015-10-30_171824
Version:
   Company:    Microsoft Corporation
   Product:    Microsoft® Windows® Operating System
   FileDesc:   AppModel API Host
   FileVer:    10.0.10586.0
   ProdVer:    10.0.10586.0

Module 67
C:\WINDOWS\SYSTEM32\IMM32.dll
Image Base: 0x75c10000  Image Size: 0x0002b000
File Size:  169928      File Time:  2015-10-30_171830
Version:
   Company:    Microsoft Corporation
   Product:    Microsoft® Windows® Operating System
   FileDesc:   Multi-User Windows IMM32 API Client DLL
   FileVer:    10.0.10586.0
   ProdVer:    10.0.10586.0

Module 68
C:\WINDOWS\SYSTEM32\clbcatq.dll
Image Base: 0x75c40000  Image Size: 0x00084000
File Size:  526304      File Time:  2015-10-30_171826
Version:
   Company:    Microsoft Corporation
   Product:    Microsoft® Windows® Operating System
   FileDesc:   COM+ Configuration Catalog
   FileVer:    2001.12.10941.16384
   ProdVer:    10.0.10586.0

Module 69
C:\WINDOWS\SYSTEM32\combase.dll
Image Base: 0x75cd0000  Image Size: 0x001bd000
File Size:  1824264     File Time:  2016-01-27_155736
Version:
   Company:    Microsoft Corporation
   Product:    Microsoft® Windows® Operating System
   FileDesc:   Microsoft COM for Windows
   FileVer:    10.0.10586.103
   ProdVer:    10.0.10586.103

Module 70
C:\WINDOWS\SYSTEM32\ole32.dll
Image Base: 0x75e90000  Image Size: 0x000eb000
File Size:  957608      File Time:  2016-02-24_181148
Version:
   Company:    Microsoft Corporation
   Product:    Microsoft® Windows® Operating System
   FileDesc:   Microsoft OLE for Windows
   FileVer:    10.0.10586.162
   ProdVer:    10.0.10586.162

Module 71
C:\WINDOWS\SYSTEM32\ADVAPI32.dll
Image Base: 0x75fa0000  Image Size: 0x0007b000
File Size:  499432      File Time:  2016-01-05_124824
Version:
   Company:    Microsoft Corporation
   Product:    Microsoft® Windows® Operating System
   FileDesc:   Advanced Windows 32 Base API
   FileVer:    10.0.10586.63
   ProdVer:    10.0.10586.63

Module 72
C:\WINDOWS\SYSTEM32\SHELL32.dll
Image Base: 0x76020000  Image Size: 0x013fe000
File Size:  21124344    File Time:  2016-02-23_192716
Version:
   Company:    Microsoft Corporation
   Product:    Microsoft® Windows® Operating System
   FileDesc:   Windows Shell Common Dll
   FileVer:    10.0.10586.122
   ProdVer:    10.0.10586.122

Module 73
C:\WINDOWS\SYSTEM32\SETUPAPI.dll
Image Base: 0x77420000  Image Size: 0x0040b000
File Size:  4268360     File Time:  2015-10-30_171824
Version:
   Company:    Microsoft Corporation
   Product:    Microsoft® Windows® Operating System
   FileDesc:   Windows Setup API
   FileVer:    10.0.10586.0
   ProdVer:    10.0.10586.0

Module 74
C:\WINDOWS\SYSTEM32\OLEAUT32.dll
Image Base: 0x77830000  Image Size: 0x00092000
File Size:  589856      File Time:  2015-10-30_171832
Version:
   Company:    Microsoft Corporation
   Product:    
   FileDesc:   
   FileVer:    10.0.10586.0
   ProdVer:    10.0.10586.0

Module 75
C:\WINDOWS\SYSTEM32\bcryptPrimitives.dll
Image Base: 0x77930000  Image Size: 0x00058000
File Size:  360480      File Time:  2015-10-30_171804
Version:
   Company:    Microsoft Corporation
   Product:    Microsoft® Windows® Operating System
   FileDesc:   Windows Cryptographic Primitives Library
   FileVer:    10.0.10586.0
   ProdVer:    10.0.10586.0

Module 76
C:\WINDOWS\SYSTEM32\KERNELBASE.dll
Image Base: 0x77b00000  Image Size: 0x0017e000
File Size:  1557768     File Time:  2016-02-24_191508
Version:
   Company:    Microsoft Corporation
   Product:    Microsoft® Windows® Operating System
   FileDesc:   Windows NT BASE API Client DLL
   FileVer:    10.0.10586.162
   ProdVer:    10.0.10586.162

Module 77
C:\WINDOWS\SYSTEM32\ntdll.dll
Image Base: 0x77d80000  Image Size: 0x0017b000
File Size:  1542816     File Time:  2016-02-23_203434
Version:
   Company:    Microsoft Corporation
   Product:    Microsoft® Windows® Operating System
   FileDesc:   NT Layer DLL
   FileVer:    10.0.10586.122
   ProdVer:    10.0.10586.122


== [end of error.log] ==
